app/proguard-rules.pro
# Add project specific ProGuard rules here.
# You can control the set of applied configuration files using the
# proguardFiles setting in build.gradle.
#
# For more details, see
#   http://developer.android.com/guide/developing/tools/proguard.html

# If your project uses WebView with JS, uncomment the following
# and specify the fully qualified class name to the JavaScript interface
# class:
#-keepclassmembers class fqcn.of.javascript.interface.for.webview {
#   public *;
#}

# Uncomment this to preserve the line number information for
# debugging stack traces.
#-keepattributes SourceFile,LineNumberTable

# If you keep the line number information, uncomment this to
# hide the original source file name.
#-renamesourcefileattribute SourceFile

# 设置混淆的压缩比率 0 ~ 7
-optimizationpasses 5
# 混淆时不使用大小写混合，混淆后的类名为小写
-dontusemixedcaseclassnames
# 指定不去忽略非公共库的类
-dontskipnonpubliclibraryclasses
# 指定不去忽略非公共库的成员
-dontskipnonpubliclibraryclassmembers
# 混淆时不做预校验
-dontpreverify
# 混淆时不记录日志
-verbose

# 代码优化
-dontshrink
# 不优化输入的类文件
-dontoptimize
# 保留注解不混淆
-keepattributes *Annotation*,InnerClasses
# 避免混淆泛型
-keepattributes Signature
# 保留代码行号，方便异常信息的追踪
-keepattributes SourceFile,LineNumberTable
# 混淆采用的算法
-optimizations !code/simplification/cast,!field/*,!class/merging/*

# dump.txt文件列出apk包内所有class的内部结构
-dump class_files.txt
# seeds.txt文件列出未混淆的类和成员
-printseeds seeds.txt
# usage.txt文件列出从apk中删除的代码
-printusage unused.txt
# mapping.txt文件列出混淆前后的映射
-printmapping mapping.txt

# 不混淆Android的类
-keep public class * extends android.app.Fragment
-keep public class * extends android.app.Activity
-keep public class * extends android.app.Application
-keep public class * extends android.app.Service
-keep public class * extends android.content.BroadcastReceiver
-keep public class * extends android.preference.Preference
-keep public class * extends android.content.ContentProvider
-keep public class * extends android.app.backup.BackupAgentHelper
-keep public class * extends android.preference.Preference
-keep public class * extends android.view.View
-keep public class com.android.vending.licensing.ILicensingService
# support下的所有的类
-keep class android.support.** {*;}
-dontwarn android.support.**
-keep interface android.support.** { *; }

# androidx:
-keep class androidx.** {*;}
-keep interface androidx.** {*;}
-keep class * extends androidx.**  { *; }
-dontwarn androidx.**


# CrashManager
-keep class com.jiangc.libbreakpad.CrashManager{*;}