app/seeds.txt
com.jiangc.breakpad.MainActivity
com.jiangc.breakpad.MyApplication
com.jiangc.breakpad.MainActivity: MainActivity()
com.jiangc.breakpad.MyApplication: MyApplication()
com.jiangc.breakpad.MainActivity: void onCreate(android.os.Bundle)
...
com.google.android.material.chip.Chip: void setChipBackgroundColor(android.content.res.ColorStateList)
com.google.android.material.appbar.AppBarLayout$BaseBehavior: boolean canScrollChildren(androidx.coordinatorlayout.widget.CoordinatorLayout,com.google.android.material.appbar.AppBarLayout,android.view.View)
androidx.transition.Transition: Transition()
androidx.customview.R$drawable: R$drawable()
androidx.appcompat.widget.ThemeUtils: int getThemeAttrColor(android.content.Context,int)
androidx.core.view.KeyEventDispatcher$Component: boolean superDispatchKeyEvent(android.view.KeyEvent)
androidx.appcompat.app.AppCompatDelegateImpl: android.view.ViewGroup getSubDecor()
androidx.core.view.accessibility.AccessibilityNodeInfoCompat: java.util.List findAccessibilityNodeInfosByText(java.lang.String)
androidx.core.view.accessibility.AccessibilityRecordCompat: int getItemCount()
androidx.lifecycle.LiveData$ObserverWrapper: boolean shouldBeActive()
com.google.android.material.slider.BaseSlider: void setLabelFormatter(com.google.android.material.slider.LabelFormatter)
androidx.recyclerview.widget.RecyclerView$LayoutManager: void onAdapterChanged(androidx.recyclerview.widget.RecyclerView$Adapter,androidx.recyclerview.widget.RecyclerView$Adapter)
androidx.transition.TransitionSet: androidx.transition.Transition setSceneRoot(android.view.ViewGroup)
androidx.appcompat.widget.TintResources: TintResources(android.content.Context,android.content.res.Resources)
androidx.appcompat.app.AppCompatActivity: void setContentView(android.view.View)
androidx.core.math.MathUtils: double clamp(double,double,double)
androidx.core.view.ViewCompat: boolean isInLayout(android.view.View)
androidx.core.view.ViewCompat: void setScaleY(android.view.View,float)
androidx.core.graphics.drawable.RoundedBitmapDrawable: boolean hasAntiAlias()
com.google.android.material.navigation.NavigationBarView$SavedState: NavigationBarView$SavedState(android.os.Parcelable)
androidx.collection.ArraySet$1: int colIndexOfKey(java.lang.Object)
androidx.core.content.res.ResourcesCompat$ThemeCompat: void rebase(android.content.res.Resources$Theme)
androidx.core.content.pm.ShortcutInfoCompat: int getRank()
androidx.constraintlayout.solver.widgets.ConstraintWidget: void applyConstraints(androidx.constraintlayout.solver.LinearSystem,boolean,boolean,boolean,boolean,androidx.constraintlayout.solver.SolverVariable,androidx.constraintlayout.solver.SolverVariable,androidx.constraintlayout.solver.widgets.ConstraintWidget$DimensionBehaviour,boolean,androidx.constraintlayout.solver.widgets.ConstraintAnchor,androidx.constraintlayout.solver.widgets.ConstraintAnchor,int,int,int,int,float,boolean,boolean,boolean,boolean,boolean,int,int,int,int,float,boolean)
androidx.fragment.app.FragmentHostCallback: FragmentHostCallback(android.content.Context,android.os.Handler,int)
androidx.core.app.NotificationCompat$BubbleMetadata$Builder: NotificationCompat$BubbleMetadata$Builder(android.app.PendingIntent,androidx.core.graphics.drawable.IconCompat)
androidx.fragment.app.FragmentManager: void showFragment(androidx.fragment.app.Fragment)
androidx.appcompat.widget.ActivityChooserView: void setInitialActivityCount(int)
com.google.android.material.appbar.HeaderScrollingViewBehavior: int getOverlayTop()
androidx.core.app.NotificationCompat$Style: void clearCompatExtraKeys(android.os.Bundle)
com.google.android.material.circularreveal.CircularRevealRelativeLayout: android.graphics.drawable.Drawable getCircularRevealOverlayDrawable()
com.google.android.material.chip.Chip$ChipTouchHelper: int getVirtualViewAt(float,float)
androidx.core.text.util.LinkifyCompat$1: LinkifyCompat$1()
androidx.appcompat.widget.ResourceManagerInternal: void checkVectorDrawableSetup(android.content.Context)
androidx.constraintlayout.solver.widgets.ConstraintWidget: void setFinalHorizontal(int,int)
com.google.android.material.behavior.SwipeDismissBehavior: int getDragState()